<component name="libraryTable">
  <library name="JUnit5">
    <CLASSES>
      <root url="jar://$PROJECT_DIR$/jars/JUnit5/junit-jupiter-api-5.5.2.jar!/" />
      <root url="jar://$PROJECT_DIR$/jars/JUnit5/opentest4j-1.2.0.jar!/" />
      <root url="jar://$PROJECT_DIR$/jars/JUnit5/apiguardian-api-1.1.0.jar!/" />
      <root url="jar://$PROJECT_DIR$/jars/JUnit5/junit-jupiter-5.5.2.jar!/" />
      <root url="jar://$PROJECT_DIR$/jars/JUnit5/junit-jupiter-params-5.5.2.jar!/" />
      <root url="jar://$PROJECT_DIR$/jars/JUnit5/junit-platform-commons-1.5.2.jar!/" />
      <root url="jar://$PROJECT_DIR$/jars/JUnit5/junit-jupiter-engine-5.5.2.jar!/" />
      <root url="jar://$PROJECT_DIR$/jars/JUnit5/junit-platform-engine-1.5.2.jar!/" />
    </CLASSES>
    <JAVADOC />
    <SOURCES />
  </library>
</component>